<?xml version="1.0" encoding="UTF-8"?>
<!-- Generated by org.testng.reporters.JUnitReportReporter -->
<testsuite hostname="RAHUL4470" name="com.Nagarro.nagp.selenium.testSuites.TestSuite" tests="3" failures="0" timestamp="15 Jun 2017 08:57:16 GMT" time="11.491" errors="0">
  <testcase name="TC01" time="5.840" classname="com.Nagarro.nagp.selenium.testSuites.TestSuite"/>
  <testcase name="TC02" time="2.736" classname="com.Nagarro.nagp.selenium.testSuites.TestSuite"/>
  <testcase name="TC03" time="2.915" classname="com.Nagarro.nagp.selenium.testSuites.TestSuite"/>
</testsuite> <!-- com.Nagarro.nagp.selenium.testSuites.TestSuite -->
