<?xml version="1.0" encoding="UTF-8"?>
<!-- Generated by org.testng.reporters.JUnitReportReporter -->
<testsuite hostname="RAHUL4470" name="com.Nagarro.nagp.selenium.testSuites.TestSuite" tests="3" failures="0" timestamp="15 Jun 2017 09:08:52 GMT" time="10.016" errors="0">
  <testcase name="TC01" time="5.697" classname="com.Nagarro.nagp.selenium.testSuites.TestSuite"/>
  <testcase name="TC02" time="1.983" classname="com.Nagarro.nagp.selenium.testSuites.TestSuite"/>
  <testcase name="TC03" time="2.336" classname="com.Nagarro.nagp.selenium.testSuites.TestSuite"/>
</testsuite> <!-- com.Nagarro.nagp.selenium.testSuites.TestSuite -->
