<?xml version="1.0" encoding="UTF-8"?>
<!-- Generated by org.testng.reporters.JUnitReportReporter -->
<testsuite hostname="RAHUL4470" name="com.Nagarro.nagp.selenium.testSuites.TestSuite" tests="3" failures="0" timestamp="1 May 2017 13:51:06 GMT" time="8.473" errors="0">
  <testcase name="TC03" time="1.997" classname="com.Nagarro.nagp.selenium.testSuites.TestSuite"/>
  <testcase name="TC02" time="1.894" classname="com.Nagarro.nagp.selenium.testSuites.TestSuite"/>
  <testcase name="TC01" time="4.582" classname="com.Nagarro.nagp.selenium.testSuites.TestSuite"/>
</testsuite> <!-- com.Nagarro.nagp.selenium.testSuites.TestSuite -->
