<?xml version="1.0" encoding="UTF-8"?>
<!-- Generated by org.testng.reporters.JUnitReportReporter -->
<testsuite hostname="RAHUL4470" name="com.Nagarro.nagp.selenium.testSuites.TestSuite" tests="3" failures="0" timestamp="1 May 2017 11:26:49 GMT" time="7.299" errors="0">
  <testcase name="TC01" time="4.073" classname="com.Nagarro.nagp.selenium.testSuites.TestSuite"/>
  <testcase name="TC03" time="1.893" classname="com.Nagarro.nagp.selenium.testSuites.TestSuite"/>
  <testcase name="TC02" time="1.333" classname="com.Nagarro.nagp.selenium.testSuites.TestSuite"/>
</testsuite> <!-- com.Nagarro.nagp.selenium.testSuites.TestSuite -->
